<?xml version="1.0" encoding="UTF-8"?>
<!-- Generated by org.testng.reporters.JUnitXMLReporter -->
<testsuite ignored="0" hostname="LIN24010283" failures="0" tests="6" name="Carloan" time="0.012" errors="0" timestamp="2024-03-26T16:26:19 IST">
  <testcase classname="Practice.carloan" name="LoginAPIcar" time="0.001"/>
  <testcase classname="Practice.carloan" name="MobileLogincar" time="0.001"/>
  <testcase classname="Practice.carloan" name="WebLogincar" time="0.002"/>
  <testcase classname="Practice.homeloan" name="LoginAPIhome" time="0.0"/>
  <testcase classname="Practice.homeloan" name="MobileLoginhome" time="0.0"/>
  <testcase classname="Practice.homeloan" name="webloginhome" time="0.001"/>
</testsuite> <!-- Carloan -->
