<?xml version="1.0" encoding="UTF-8"?>
<!-- Generated by org.testng.reporters.JUnitXMLReporter -->
<testsuite ignored="5" hostname="LIN24010283" failures="0" tests="3" name="Practice" time="0.008" errors="0" timestamp="2024-03-26T19:43:31 IST">
  <testcase classname="Practice.carloan" name="LoginAPIcar" time="0.001"/>
  <testcase classname="Practice.carloan" name="WebLogincar" time="0.001"/>
  <testcase classname="Practice.homeloan" name="LoginAPIhome" time="0.002"/>
  <testcase classname="Practice.carloan" name="MobileLogincar" time="0.0">
    <ignored/>
  </testcase> <!-- MobileLogincar -->
  <testcase classname="Practice.carloan" name="MobileSignOutcar" time="0.0">
    <ignored/>
  </testcase> <!-- MobileSignOutcar -->
  <testcase classname="Practice.homeloan" name="MobileLoginhome" time="0.0">
    <ignored/>
  </testcase> <!-- MobileLoginhome -->
  <testcase classname="Practice.homeloan" name="webloginhome" time="0.0">
    <ignored/>
  </testcase> <!-- webloginhome -->
  <testcase classname="Practice.carloan" name="MobileSignIncar" time="0.0">
    <ignored/>
  </testcase> <!-- MobileSignIncar -->
</testsuite> <!-- Practice -->
