<?xml version="1.0" encoding="UTF-8"?>
<!-- Generated by org.testng.reporters.JUnitXMLReporter -->
<testsuite ignored="7" hostname="LIN24010283" failures="0" tests="3" name="Regression" time="0.045" errors="0" timestamp="2024-03-27T14:39:27 IST">
  <testcase classname="Practice.demo" name="day1" time="0.007"/>
  <testcase classname="Practice.carloan" name="WebLogincar" time="0.001"/>
  <testcase classname="Practice.homeloan" name="webloginhome" time="0.0"/>
  <testcase classname="Practice.homeloan" name="LoginAPIhome" time="0.0">
    <ignored/>
  </testcase> <!-- LoginAPIhome -->
  <testcase classname="Practice.carloan" name="MobileLogincar" time="0.0">
    <ignored/>
  </testcase> <!-- MobileLogincar -->
  <testcase classname="Practice.carloan" name="LoginAPIcar" time="0.0">
    <ignored/>
  </testcase> <!-- LoginAPIcar -->
  <testcase classname="Practice.carloan" name="MobileSignOutcar" time="0.0">
    <ignored/>
  </testcase> <!-- MobileSignOutcar -->
  <testcase classname="Practice.homeloan" name="MobileLoginhome" time="0.0">
    <ignored/>
  </testcase> <!-- MobileLoginhome -->
  <testcase classname="Practice.demo" name="Day2" time="0.0">
    <ignored/>
  </testcase> <!-- Day2 -->
  <testcase classname="Practice.carloan" name="MobileSignIncar" time="0.0">
    <ignored/>
  </testcase> <!-- MobileSignIncar -->
</testsuite> <!-- Regression -->
