<?xml version="1.0" encoding="UTF-8"?>
<!-- Generated by org.testng.reporters.JUnitXMLReporter -->
<testsuite ignored="0" hostname="LIN24010283" failures="0" tests="3" name="Test" time="0.035" errors="0" timestamp="2024-03-26T19:43:31 IST">
  <testcase classname="Sakshi.TestNG1.test" name="method1" time="0.003"/>
  <testcase classname="Sakshi.TestNG1.testcase" name="Method1" time="0.001"/>
  <testcase classname="Sakshi.TestNG1.testcase" name="method2" time="0.001"/>
</testsuite> <!-- Test -->
